2016-05-12 18:21:40,015 [INFO] from play.core.server.NettyServer in pool-4-thread-3 - Listening for HTTP on /0:0:0:0:0:0:0:0:9000
2016-05-12 18:22:05,640 [INFO] from application in ForkJoinPool-1-worker-1 - ApplicationTimer demo: Starting application at 2016-05-12T21:22:05.633Z.
2016-05-12 18:22:05,883 [INFO] from play.api.Play in ForkJoinPool-1-worker-1 - Application started (Dev)
2016-05-12 18:23:42,148 [INFO] from application in application-akka.actor.default-dispatcher-4 - ApplicationTimer demo: Stopping application at 2016-05-12T21:23:42.148Z after 97s.
2016-05-12 18:23:42,324 [INFO] from application in application-akka.actor.default-dispatcher-4 - ApplicationTimer demo: Starting application at 2016-05-12T21:23:42.323Z.
2016-05-12 18:23:42,438 [INFO] from play.api.Play in application-akka.actor.default-dispatcher-4 - Application started (Dev)
2016-05-12 18:26:20,216 [INFO] from application in application-akka.actor.default-dispatcher-4 - ApplicationTimer demo: Stopping application at 2016-05-12T21:26:20.216Z after 158s.
2016-05-12 18:26:20,345 [INFO] from application in application-akka.actor.default-dispatcher-4 - ApplicationTimer demo: Starting application at 2016-05-12T21:26:20.344Z.
2016-05-12 18:26:20,427 [INFO] from play.api.Play in application-akka.actor.default-dispatcher-4 - Application started (Dev)
2016-05-12 18:26:26,941 [INFO] from application in application-akka.actor.default-dispatcher-3 - ApplicationTimer demo: Stopping application at 2016-05-12T21:26:26.941Z after 6s.
2016-05-12 18:26:27,041 [INFO] from application in application-akka.actor.default-dispatcher-3 - ApplicationTimer demo: Starting application at 2016-05-12T21:26:27.038Z.
2016-05-12 18:26:27,119 [INFO] from play.api.Play in application-akka.actor.default-dispatcher-3 - Application started (Dev)
2016-05-12 18:28:48,069 [INFO] from application in application-akka.actor.default-dispatcher-4 - ApplicationTimer demo: Stopping application at 2016-05-12T21:28:48.069Z after 141s.
2016-05-12 18:28:48,169 [INFO] from application in application-akka.actor.default-dispatcher-4 - ApplicationTimer demo: Starting application at 2016-05-12T21:28:48.167Z.
2016-05-12 18:28:48,257 [INFO] from play.api.Play in application-akka.actor.default-dispatcher-4 - Application started (Dev)
2016-05-12 18:29:55,812 [INFO] from application in application-akka.actor.default-dispatcher-3 - ApplicationTimer demo: Stopping application at 2016-05-12T21:29:55.812Z after 67s.
2016-05-12 18:29:55,890 [INFO] from application in application-akka.actor.default-dispatcher-3 - ApplicationTimer demo: Starting application at 2016-05-12T21:29:55.890Z.
2016-05-12 18:29:55,966 [INFO] from play.api.Play in application-akka.actor.default-dispatcher-3 - Application started (Dev)
2016-05-12 18:37:27,805 [INFO] from application in application-akka.actor.default-dispatcher-2 - ApplicationTimer demo: Stopping application at 2016-05-12T21:37:27.805Z after 452s.
2016-05-12 18:37:27,907 [INFO] from application in application-akka.actor.default-dispatcher-2 - ApplicationTimer demo: Starting application at 2016-05-12T21:37:27.906Z.
2016-05-12 18:37:27,985 [INFO] from play.api.Play in application-akka.actor.default-dispatcher-2 - Application started (Dev)
2016-05-12 18:38:23,659 [INFO] from application in pool-4-thread-3 - ApplicationTimer demo: Stopping application at 2016-05-12T21:38:23.658Z after 56s.
